<?xml version="1.0" encoding="UTF-8"?>
<!-- Generated by org.testng.reporters.JUnitReportReporter -->
<testsuite hostname="DESKTOP-BM22CQR" failures="0" tests="1" name="com.testng.selenium.ActionsClassProgram" time="3.492" errors="0" timestamp="2023-09-28T21:36:32 IST" skipped="0">
  <testcase classname="com.testng.selenium.ActionsClassProgram" name="testOne" time="3.492"/>
</testsuite> <!-- com.testng.selenium.ActionsClassProgram -->
