<?xml version="1.0" encoding="UTF-8"?>
<!-- Generated by org.testng.reporters.JUnitReportReporter -->
<testsuite hostname="DESKTOP-BM22CQR" failures="0" tests="1" name="com.datadriventesting.selenium.LoginTest" time="6.782" errors="0" timestamp="2023-10-07T19:31:45 IST" skipped="0">
  <testcase classname="com.datadriventesting.selenium.LoginTest" name="test" time="6.782"/>
</testsuite> <!-- com.datadriventesting.selenium.LoginTest -->
