<?xml version="1.0" encoding="UTF-8"?>
<!-- Generated by org.testng.reporters.JUnitReportReporter -->
<testsuite hostname="DESKTOP-BM22CQR" failures="0" tests="1" name="com.testng.selenium.DragAndDrop" time="4.176" errors="0" timestamp="2023-09-29T07:57:23 IST" skipped="0">
  <testcase classname="com.testng.selenium.DragAndDrop" name="testOne" time="4.176"/>
</testsuite> <!-- com.testng.selenium.DragAndDrop -->
