<?xml version="1.0" encoding="UTF-8"?>
<!-- Generated by org.testng.reporters.JUnitReportReporter -->
<testsuite hostname="DESKTOP-BM22CQR" failures="0" tests="3" name="com.testng.selenium.TestNgStructureThree" time="0.032" errors="0" timestamp="2023-09-27T22:36:00 IST" skipped="0">
  <testcase classname="com.testng.selenium.TestNgStructureThree" name="main5" time="0.003"/>
  <testcase classname="com.testng.selenium.TestNgStructureThree" name="main1" time="0.025"/>
  <testcase classname="com.testng.selenium.TestNgStructureThree" name="main3" time="0.004"/>
</testsuite> <!-- com.testng.selenium.TestNgStructureThree -->
