<?xml version="1.0" encoding="UTF-8"?>
<!-- Generated by org.testng.reporters.JUnitReportReporter -->
<testsuite hostname="DESKTOP-BM22CQR" failures="0" tests="1" name="com.testng.selenium.MouseHover" time="8.122" errors="0" timestamp="2023-09-29T10:09:35 IST" skipped="0">
  <testcase classname="com.testng.selenium.MouseHover" name="testOne" time="8.122"/>
</testsuite> <!-- com.testng.selenium.MouseHover -->
