<?xml version="1.0" encoding="UTF-8"?>
<!-- Generated by org.testng.reporters.JUnitReportReporter -->
<testsuite hostname="DESKTOP-BM22CQR" failures="0" tests="1" name="com.testng.selenium.ScrollDownFlipkart" time="16.768" errors="0" timestamp="2023-10-04T07:32:49 IST" skipped="0">
  <testcase classname="com.testng.selenium.ScrollDownFlipkart" name="testOne" time="16.768"/>
</testsuite> <!-- com.testng.selenium.ScrollDownFlipkart -->
