<?xml version="1.0" encoding="UTF-8"?>
<!-- Generated by org.testng.reporters.JUnitReportReporter -->
<testsuite hostname="DESKTOP-BM22CQR" failures="0" tests="3" name="com.testng.selenium.TestNgStructureTwo" time="0.019" errors="0" timestamp="2023-09-27T19:05:27 IST" skipped="1">
  <testcase classname="com.testng.selenium.TestNgStructureTwo" name="test3" time="0.006"/>
  <testcase classname="com.testng.selenium.TestNgStructureTwo" name="test1" time="0.013"/>
  <testcase classname="com.testng.selenium.TestNgStructureTwo" name="test2">
    <skipped/>
  </testcase> <!-- test2 -->
</testsuite> <!-- com.testng.selenium.TestNgStructureTwo -->
