<?xml version="1.0" encoding="UTF-8"?>
<!-- Generated by org.testng.reporters.JUnitReportReporter -->
<testsuite hostname="DESKTOP-BM22CQR" failures="0" tests="3" name="com.testng.selenium.TestNgStructureOne" time="0.040" errors="0" timestamp="2023-09-27T18:58:45 IST" skipped="0">
  <testcase classname="com.testng.selenium.TestNgStructureOne" name="test3" time="0.025"/>
  <testcase classname="com.testng.selenium.TestNgStructureOne" name="test1" time="0.007"/>
  <testcase classname="com.testng.selenium.TestNgStructureOne" name="test2" time="0.008"/>
</testsuite> <!-- com.testng.selenium.TestNgStructureOne -->
