<?xml version="1.0" encoding="UTF-8"?>
<!-- Generated by org.testng.reporters.JUnitReportReporter -->
<testsuite hostname="DESKTOP-BM22CQR" failures="0" tests="1" name="com.testng.selenium.DatePicker" time="19.579" errors="0" timestamp="2023-10-12T17:53:36 IST" skipped="0">
  <testcase classname="com.testng.selenium.DatePicker" name="testOne" time="19.579"/>
</testsuite> <!-- com.testng.selenium.DatePicker -->
