<?xml version="1.0" encoding="UTF-8"?>
<!-- Generated by org.testng.reporters.JUnitReportReporter -->
<testsuite hostname="DESKTOP-BM22CQR" failures="0" tests="1" name="testpackage.FbTest" time="5.977" errors="0" timestamp="2023-10-05T16:00:20 IST" skipped="0">
  <testcase classname="testpackage.FbTest" name="verifyLoginWithValidCred" time="5.977"/>
</testsuite> <!-- testpackage.FbTest -->
