<?xml version="1.0" encoding="UTF-8"?>
<!-- Generated by org.testng.reporters.JUnitReportReporter -->
<testsuite hostname="DESKTOP-BM22CQR" failures="0" tests="1" name="com.rough.gam.Sprig" time="19.222" errors="0" timestamp="2023-10-23T17:31:26 IST" skipped="0">
  <testcase classname="com.rough.gam.Sprig" name="test" time="19.222"/>
  <system-out/>
</testsuite> <!-- com.rough.gam.Sprig -->
