<?xml version="1.0" encoding="UTF-8"?>
<!-- Generated by org.testng.reporters.JUnitReportReporter -->
<testsuite hostname="DESKTOP-BM22CQR" failures="0" tests="1" name="com.testng.selenium.Parameters" time="0.018" errors="0" timestamp="2023-09-28T19:03:37 IST" skipped="0">
  <testcase classname="com.testng.selenium.Parameters" name="main" time="0.018"/>
</testsuite> <!-- com.testng.selenium.Parameters -->
