<?xml version="1.0" encoding="UTF-8"?>
<!-- Generated by org.testng.reporters.JUnitReportReporter -->
<testsuite hostname="DESKTOP-BM22CQR" failures="0" tests="1" name="com.testng.selenium.ActionsRightClick" time="2.463" errors="0" timestamp="2023-09-30T07:33:13 IST" skipped="0">
  <testcase classname="com.testng.selenium.ActionsRightClick" name="testOne" time="2.463"/>
</testsuite> <!-- com.testng.selenium.ActionsRightClick -->
