<?xml version="1.0" encoding="UTF-8"?>
<!-- Generated by org.testng.reporters.JUnitReportReporter -->
<testsuite hostname="DESKTOP-BM22CQR" failures="0" tests="1" name="com.testng.selenium.ActionsContextClick" time="2.213" errors="0" timestamp="2023-09-28T22:16:39 IST" skipped="0">
  <testcase classname="com.testng.selenium.ActionsContextClick" name="testOne" time="2.213"/>
</testsuite> <!-- com.testng.selenium.ActionsContextClick -->
