<?xml version="1.0" encoding="UTF-8"?>
<!-- Generated by org.testng.reporters.JUnitReportReporter -->
<testsuite hostname="DESKTOP-BM22CQR" failures="0" tests="1" name="com.rough.gam.DatePickerTrial2" time="23.218" errors="0" timestamp="2023-10-12T19:28:28 IST" skipped="0">
  <testcase classname="com.rough.gam.DatePickerTrial2" name="testOne" time="23.218"/>
</testsuite> <!-- com.rough.gam.DatePickerTrial2 -->
