<?xml version="1.0" encoding="UTF-8"?>
<!-- Generated by org.testng.reporters.JUnitReportReporter -->
<testsuite hostname="DESKTOP-BM22CQR" failures="0" tests="1" name="com.testng.selenium.ScrollDown" time="11.448" errors="0" timestamp="2023-10-03T11:07:47 IST" skipped="0">
  <testcase classname="com.testng.selenium.ScrollDown" name="testOne" time="11.448"/>
</testsuite> <!-- com.testng.selenium.ScrollDown -->
