<?xml version="1.0" encoding="UTF-8"?>
<!-- Generated by org.testng.reporters.JUnitReportReporter -->
<testsuite hostname="DESKTOP-BM22CQR" failures="0" tests="1" name="testpackage.FbLoginTest" time="8.378" errors="0" timestamp="2023-10-09T12:37:31 IST" skipped="0">
  <testcase classname="testpackage.FbLoginTest" name="testOne" time="8.378"/>
</testsuite> <!-- testpackage.FbLoginTest -->
