<?xml version="1.0" encoding="UTF-8"?>
<!-- Generated by org.testng.reporters.JUnitReportReporter -->
<testsuite hostname="DESKTOP-BM22CQR" failures="0" tests="1" name="com.testng.selenium.WindowHandling" time="9.439" errors="0" timestamp="2023-10-02T14:29:39 IST" skipped="0">
  <testcase classname="com.testng.selenium.WindowHandling" name="testOne" time="9.439"/>
</testsuite> <!-- com.testng.selenium.WindowHandling -->
