<?xml version="1.0" encoding="UTF-8"?>
<!-- Generated by org.testng.reporters.JUnitReportReporter -->
<testsuite hostname="DESKTOP-BM22CQR" failures="0" tests="1" name="com.testng.selenium.FileUploadRobot" time="8.814" errors="0" timestamp="2023-09-30T18:08:48 IST" skipped="0">
  <testcase classname="com.testng.selenium.FileUploadRobot" name="testOne" time="8.814"/>
</testsuite> <!-- com.testng.selenium.FileUploadRobot -->
