<?xml version="1.0" encoding="UTF-8"?>
<!-- Generated by org.testng.reporters.JUnitReportReporter -->
<testsuite hostname="DESKTOP-BM22CQR" failures="0" tests="1" name="com.testng.selenium.NotificationDisable" time="12.620" errors="0" timestamp="2023-10-17T22:23:40 IST" skipped="0">
  <testcase classname="com.testng.selenium.NotificationDisable" name="test" time="12.620"/>
</testsuite> <!-- com.testng.selenium.NotificationDisable -->
