<?xml version="1.0" encoding="UTF-8"?>
<!-- Generated by org.testng.reporters.JUnitReportReporter -->
<testsuite hostname="DESKTOP-BM22CQR" failures="0" tests="3" name="com.testng.selenium.CrossBrowserTesting" time="18.767" errors="0" timestamp="2023-09-28T19:20:08 IST" skipped="0">
  <testcase classname="com.testng.selenium.CrossBrowserTesting" name="testOne" time="5.864"/>
  <testcase classname="com.testng.selenium.CrossBrowserTesting" name="testOne" time="6.400"/>
  <testcase classname="com.testng.selenium.CrossBrowserTesting" name="testOne" time="6.503"/>
</testsuite> <!-- com.testng.selenium.CrossBrowserTesting -->
