<?xml version="1.0" encoding="UTF-8"?>
<!-- Generated by org.testng.reporters.JUnitReportReporter -->
<testsuite hostname="DESKTOP-BM22CQR" failures="0" tests="1" name="com.rough.gam.DatePickerExercise" time="21.126" errors="0" timestamp="2023-10-19T21:27:34 IST" skipped="0">
  <testcase classname="com.rough.gam.DatePickerExercise" name="testOne" time="21.126"/>
</testsuite> <!-- com.rough.gam.DatePickerExercise -->
