<?xml version="1.0" encoding="UTF-8"?>
<!-- Generated by org.testng.reporters.JUnitReportReporter -->
<testsuite hostname="DESKTOP-BM22CQR" failures="0" tests="1" name="com.testng.selenium.FIleUploadAutoIT" time="5.970" errors="0" timestamp="2023-09-30T22:21:35 IST" skipped="0">
  <testcase classname="com.testng.selenium.FIleUploadAutoIT" name="setUp" time="5.970"/>
</testsuite> <!-- com.testng.selenium.FIleUploadAutoIT -->
