<?xml version="1.0" encoding="UTF-8"?>
<!-- Generated by org.testng.reporters.JUnitReportReporter -->
<testsuite hostname="DESKTOP-BM22CQR" failures="0" tests="1" name="com.testng.selenium.TestMarinersOne" time="25.305" errors="0" timestamp="2023-10-08T22:14:57 IST" skipped="0">
  <testcase classname="com.testng.selenium.TestMarinersOne" name="testOne" time="25.305"/>
</testsuite> <!-- com.testng.selenium.TestMarinersOne -->
