<?xml version="1.0" encoding="UTF-8"?>
<!-- Generated by org.testng.reporters.JUnitReportReporter -->
<testsuite hostname="DESKTOP-BM22CQR" failures="0" tests="1" name="com.task.selenium.LoginValidationAssert" time="1.753" errors="0" timestamp="2023-10-07T21:44:07 IST" skipped="0">
  <testcase classname="com.task.selenium.LoginValidationAssert" name="testOne" time="1.753"/>
</testsuite> <!-- com.task.selenium.LoginValidationAssert -->
