<?xml version="1.0" encoding="UTF-8"?>
<!-- Generated by org.testng.reporters.JUnitReportReporter -->
<testsuite hostname="DESKTOP-BM22CQR" failures="0" tests="1" name="com.testng.selenium.TestMariners" time="32.727" errors="0" timestamp="2023-10-12T14:35:50 IST" skipped="0">
  <testcase classname="com.testng.selenium.TestMariners" name="testOne" time="32.727"/>
</testsuite> <!-- com.testng.selenium.TestMariners -->
